[debug] [2020-05-07T01:04:24.220Z] ----------------------------------------------------------------------
[debug] [2020-05-07T01:04:24.223Z] Command:       C:\program files\nodejs\node.exe C:\Users\jorge\AppData\Roaming\npm\node_modules\firebase-tools\lib\bin\firebase.js emulators:start
[debug] [2020-05-07T01:04:24.224Z] CLI Version:   8.2.0
[debug] [2020-05-07T01:04:24.224Z] Platform:      win32
[debug] [2020-05-07T01:04:24.224Z] Node Version:  v13.9.0
[debug] [2020-05-07T01:04:24.225Z] Time:          Thu May 07 2020 02:04:24 GMT+0100 (Western European Summer Time)
[debug] [2020-05-07T01:04:24.225Z] ----------------------------------------------------------------------
[debug] [2020-05-07T01:04:24.225Z] 
[debug] [2020-05-07T01:04:24.235Z] > command requires scopes: ["email","openid","https://www.googleapis.com/auth/cloudplatformprojects.readonly","https://www.googleapis.com/auth/firebase","https://www.googleapis.com/auth/cloud-platform"]
[debug] [2020-05-07T01:04:24.236Z] > authorizing via signed-in user
[info] i  emulators: Starting emulators: hosting
[debug] [2020-05-07T01:04:26.373Z] [hub] writing locator at C:\Users\jorge\AppData\Local\Temp\hub-timematters-5f8a9.json
[info] +  hub: emulator hub started at http://localhost:4400
[debug] [2020-05-07T01:04:28.384Z] >>> HTTP REQUEST GET https://firebase.googleapis.com/v1beta1/projects/timematters-5f8a9/webApps/-/config  
 
[debug] [2020-05-07T01:04:29.060Z] <<< HTTP RESPONSE 200 {"content-type":"application/json; charset=UTF-8","vary":"X-Origin, Referer, Origin,Accept-Encoding","date":"Thu, 07 May 2020 01:04:28 GMT","server":"ESF","cache-control":"private","x-xss-protection":"0","x-frame-options":"SAMEORIGIN","x-content-type-options":"nosniff","alt-svc":"h3-Q050=\":443\"; ma=2592000,h3-Q049=\":443\"; ma=2592000,h3-Q048=\":443\"; ma=2592000,h3-Q046=\":443\"; ma=2592000,h3-Q043=\":443\"; ma=2592000,quic=\":443\"; ma=2592000; v=\"46,43\"","accept-ranges":"none","transfer-encoding":"chunked"}
[info] i  hosting[timematters]: Serving hosting files from: dist/timematters
[info] +  hosting[timematters]: Local server: http://localhost:5000
[info] i  hosting[timematters]: Serving hosting files from: dist/timematters
[info] +  hosting[timematters]: Local server: http://localhost:5005
[info] +  hosting: hosting emulator started at http://localhost:5000
[info] +  emulators: All emulators started, it is now safe to connect.
